{
  "RSpec": {
    "coverage": {
      "/home/davidjr/rails-exercise/app/models/user.rb": {
        "lines": [
          null,
          null,
          1,
          1,
          1,
          1,
          null
        ]
      },
      "/home/davidjr/rails-exercise/app/models/application_record.rb": {
        "lines": [
          null,
          null,
          1,
          1,
          null
        ]
      },
      "/home/davidjr/rails-exercise/app/controllers/auth_controller.rb": {
        "lines": [
          null,
          null,
          1,
          1,
          null,
          1,
          2,
          2,
          1,
          null,
          1,
          null,
          null,
          null,
          1,
          3,
          null,
          3,
          1,
          null,
          2,
          null,
          2,
          1,
          null,
          1,
          null,
          null,
          null,
          null,
          1,
          1,
          null,
          null,
          1,
          null,
          1,
          5,
          null,
          null
        ]
      },
      "/home/davidjr/rails-exercise/app/controllers/application_controller.rb": {
        "lines": [
          null,
          null,
          1,
          1,
          1,
          1,
          null,
          1,
          null,
          1,
          null,
          1,
          14,
          14,
          null,
          14,
          14,
          null,
          0,
          null,
          14,
          null,
          null,
          1,
          2,
          null,
          null,
          null,
          null,
          null,
          null
        ]
      },
      "/home/davidjr/rails-exercise/app/services/authentication/authentication_service.rb": {
        "lines": [
          1,
          1,
          1,
          1,
          3,
          null,
          null,
          1,
          3,
          3,
          null,
          2,
          2,
          1,
          1,
          null,
          null,
          1,
          1,
          null,
          null,
          null,
          1,
          1,
          2,
          null,
          null,
          1,
          2,
          2,
          null,
          1,
          null,
          null,
          null,
          null
        ]
      },
      "/home/davidjr/rails-exercise/app/forms/authentication/registration_form.rb": {
        "lines": [
          1,
          1,
          1,
          1,
          null,
          1,
          1,
          1,
          1,
          null,
          1,
          null,
          1,
          1,
          1,
          1,
          null,
          1,
          2,
          null,
          1,
          null,
          null,
          null,
          null,
          1,
          null,
          null,
          1,
          null,
          1,
          2,
          null,
          0,
          null,
          null,
          null
        ]
      },
      "/home/davidjr/rails-exercise/app/services/result_service.rb": {
        "lines": [
          null,
          null,
          1,
          1,
          null,
          1,
          13,
          13,
          13,
          null,
          null,
          1,
          7,
          null,
          null,
          1,
          6,
          null,
          null,
          1,
          13,
          null,
          null,
          1,
          0,
          null,
          null
        ]
      },
      "/home/davidjr/rails-exercise/app/forms/authentication/login_form.rb": {
        "lines": [
          1,
          1,
          1,
          1,
          null,
          1,
          1,
          null,
          1,
          1,
          null,
          null
        ]
      },
      "/home/davidjr/rails-exercise/lib/json_web_token.rb": {
        "lines": [
          null,
          null,
          1,
          1,
          1,
          14,
          14,
          null,
          null,
          1,
          14,
          13,
          null,
          1,
          null,
          null
        ]
      },
      "/home/davidjr/rails-exercise/app/models/job.rb": {
        "lines": [
          null,
          null,
          1,
          1,
          1,
          1,
          null,
          1,
          null,
          1,
          14,
          null,
          null
        ]
      },
      "/home/davidjr/rails-exercise/app/controllers/jobs_controller.rb": {
        "lines": [
          null,
          null,
          1,
          1,
          null,
          1,
          2,
          2,
          1,
          null,
          1,
          null,
          null,
          null,
          1,
          1,
          1,
          null,
          null,
          1,
          3,
          null,
          3,
          1,
          null,
          2,
          null,
          null,
          null,
          1,
          2,
          2,
          null,
          1,
          1,
          1,
          null,
          0,
          null,
          null,
          null,
          1,
          2,
          2,
          1,
          1,
          null,
          null,
          1,
          null,
          1,
          4,
          null,
          null
        ]
      },
      "/home/davidjr/rails-exercise/app/serializers/job_serializer.rb": {
        "lines": [
          null,
          null,
          1,
          1,
          1,
          null
        ]
      },
      "/home/davidjr/rails-exercise/app/serializers/user_serializer.rb": {
        "lines": [
          null,
          null,
          1,
          1,
          1,
          null,
          1,
          5,
          null,
          null
        ]
      },
      "/home/davidjr/rails-exercise/app/services/jobs/job_service.rb": {
        "lines": [
          1,
          1,
          1,
          1,
          3,
          3,
          null,
          null,
          1,
          3,
          3,
          null,
          1,
          null,
          null,
          null,
          1,
          1,
          1,
          1,
          null,
          null,
          1,
          1,
          1,
          null,
          1,
          null,
          null,
          null,
          null
        ]
      },
      "/home/davidjr/rails-exercise/app/forms/jobs/job_form.rb": {
        "lines": [
          1,
          1,
          1,
          1,
          null,
          1,
          1,
          1,
          1,
          1,
          null,
          1,
          1,
          null,
          1,
          1,
          1,
          null,
          1,
          4,
          4,
          null,
          null,
          1,
          4,
          null,
          2,
          2,
          null,
          null,
          1,
          null,
          1,
          2,
          1,
          null,
          1,
          null,
          null,
          null,
          1,
          4,
          null,
          1,
          null,
          null,
          null
        ]
      },
      "/home/davidjr/rails-exercise/app/policies/job_policy.rb": {
        "lines": [
          null,
          null,
          1,
          1,
          0,
          null,
          null,
          1,
          2,
          null,
          null,
          1,
          0,
          null,
          null,
          1,
          2,
          null,
          null,
          1,
          4,
          null,
          null,
          1,
          1,
          0,
          null,
          null,
          null
        ]
      },
      "/home/davidjr/rails-exercise/app/policies/application_policy.rb": {
        "lines": [
          null,
          null,
          1,
          1,
          null,
          1,
          8,
          8,
          null,
          null,
          1,
          0,
          null,
          null,
          1,
          0,
          null,
          null,
          1,
          0,
          null,
          null,
          1,
          0,
          null,
          null,
          1,
          0,
          null,
          null,
          1,
          1,
          0,
          0,
          null,
          null,
          1,
          0,
          null,
          null,
          1,
          null,
          1,
          null,
          null
        ]
      },
      "/home/davidjr/rails-exercise/app/controllers/users_controller.rb": {
        "lines": [
          null,
          null,
          1,
          1,
          4,
          4,
          null,
          4,
          4,
          4,
          3,
          null,
          null,
          null,
          null,
          1,
          null,
          null,
          null,
          1,
          null,
          1,
          4,
          null,
          2,
          null,
          null,
          1,
          10,
          null,
          null
        ]
      },
      "/home/davidjr/rails-exercise/app/policies/user_policy.rb": {
        "lines": [
          null,
          null,
          1,
          1,
          4,
          null,
          null
        ]
      },
      "/home/davidjr/rails-exercise/app/services/users/user_service.rb": {
        "lines": [
          1,
          1,
          1,
          1,
          4,
          4,
          null,
          null,
          1,
          4,
          4,
          null,
          3,
          null,
          null,
          null,
          null
        ]
      },
      "/home/davidjr/rails-exercise/app/forms/users/user_form.rb": {
        "lines": [
          1,
          1,
          1,
          1,
          null,
          1,
          1,
          null,
          1,
          null,
          1,
          null,
          1,
          4,
          4,
          null,
          null,
          1,
          3,
          null,
          null,
          1,
          4,
          null,
          3,
          2,
          2,
          null,
          3,
          3,
          null,
          null,
          null
        ]
      }
    },
    "timestamp": 1755766071
  }
}
